




2021-04-15T04:18:48Z Bitcoin Core version v0.21.0 (release build)
2021-04-15T04:18:48Z Assuming ancestors of block 0000000000000000000b9d2ec5a352ecba0592946514a92f14319dc2b367fc72 have valid signatures.
2021-04-15T04:18:48Z Setting nMinimumChainWork=00000000000000000000000000000000000000001533efd8d716a517fe2c5008
2021-04-15T04:18:48Z Using the 'sse4(1way),sse41(4way),avx2(8way)' SHA256 implementation
2021-04-15T04:18:48Z Using RdSeed as additional entropy source
2021-04-15T04:18:48Z Using RdRand as an additional entropy source
2021-04-15T04:18:48Z Default data directory /root/.bitcoin
2021-04-15T04:18:48Z Using data directory /root/.bitcoin
2021-04-15T04:18:48Z Config file: /root/.bitcoin/bitcoin.conf (not found, skipping)
2021-04-15T04:18:48Z Using at most 125 automatic connections (1048576 file descriptors available)
2021-04-15T04:18:49Z Using 16 MiB out of 32/2 requested for signature cache, able to store 524288 elements
2021-04-15T04:18:49Z Using 16 MiB out of 32/2 requested for script execution cache, able to store 524288 elements
2021-04-15T04:18:49Z Script verification uses 0 additional threads
2021-04-15T04:18:49Z scheduler thread start
2021-04-15T04:18:49Z libevent: getaddrinfo: address family for nodename not supported
2021-04-15T04:18:49Z Binding RPC on address ::1 port 8332 failed.
2021-04-15T04:18:49Z HTTP: creating work queue of depth 16
2021-04-15T04:18:49Z Using random cookie authentication.
2021-04-15T04:18:49Z Generated RPC authentication cookie /root/.bitcoin/.cookie
2021-04-15T04:18:49Z HTTP: starting 4 worker threads
2021-04-15T04:18:49Z Using wallet directory /root/.bitcoin
2021-04-15T04:18:49Z init message: Verifying wallet(s)...
2021-04-15T04:18:49Z init message: Loading banlist...
2021-04-15T04:18:49Z ERROR: DeserializeFileDB: Failed to open file /root/.bitcoin/banlist.dat
2021-04-15T04:18:49Z Invalid or missing banlist.dat; recreating
2021-04-15T04:18:49Z SetNetworkActive: true
2021-04-15T04:18:49Z Using /16 prefix for IP bucketing
2021-04-15T04:18:49Z Cache configuration:
2021-04-15T04:18:49Z * Using 2.0 MiB for block index database
2021-04-15T04:18:49Z * Using 8.0 MiB for chain state database
2021-04-15T04:18:49Z * Using 440.0 MiB for in-memory UTXO set (plus up to 286.1 MiB of unused mempool space)
2021-04-15T04:18:49Z init message: Loading block index...
2021-04-15T04:18:49Z Switching active chainstate to Chainstate [ibd] @ height -1 (null)
2021-04-15T04:18:49Z Opening LevelDB in /root/.bitcoin/blocks/index
2021-04-15T04:18:49Z Opened LevelDB successfully
2021-04-15T04:18:49Z Using obfuscation key for /root/.bitcoin/blocks/index: 0000000000000000
2021-04-15T04:18:49Z LoadBlockIndexDB: last block file = 0
2021-04-15T04:18:49Z LoadBlockIndexDB: last block file info: CBlockFileInfo(blocks=0, size=0, heights=0...0, time=1970-01-01...1970-01-01)
2021-04-15T04:18:49Z Checking all blk files are present...
2021-04-15T04:18:49Z Initializing databases...
2021-04-15T04:18:49Z Pre-allocating up to position 0x1000000 in blk00000.dat
2021-04-15T04:18:49Z Opening LevelDB in /root/.bitcoin/chainstate
2021-04-15T04:18:49Z Opened LevelDB successfully
2021-04-15T04:18:49Z Wrote new obfuscate key for /root/.bitcoin/chainstate: 82e618d9095a8399
2021-04-15T04:18:49Z Using obfuscation key for /root/.bitcoin/chainstate: 82e618d9095a8399
2021-04-15T04:18:49Z init message: Rewinding blocks...
2021-04-15T04:18:49Z  block index              30ms
2021-04-15T04:18:49Z loadblk thread start
2021-04-15T04:18:49Z UpdateTip: new best=000000000019d6689c085ae165831e934ff763ae46a2a6c172b3f1b60a8ce26f height=0 version=0x00000001 log2_work=32.000022 tx=1 date='2009-01-03T18:15:05Z' progress=0.000000 cache=0.0MiB(0txo)
2021-04-15T04:18:49Z block tree size = 1
2021-04-15T04:18:49Z nBestHeight = 0
2021-04-15T04:18:49Z Bound to [::]:8333
2021-04-15T04:18:49Z Bound to 0.0.0.0:8333
2021-04-15T04:18:49Z Bound to 127.0.0.1:8334
2021-04-15T04:18:49Z init message: Loading P2P addresses...
2021-04-15T04:18:49Z ERROR: DeserializeFileDB: Failed to open file /root/.bitcoin/peers.dat
2021-04-15T04:18:49Z Invalid or missing peers.dat; recreating
2021-04-15T04:18:49Z Failed to open mempool file from disk. Continuing anyway.
2021-04-15T04:18:49Z loadblk thread exit
2021-04-15T04:18:49Z torcontrol thread start
2021-04-15T04:18:49Z ERROR: DeserializeFileDB: Failed to open file /root/.bitcoin/anchors.dat
2021-04-15T04:18:49Z 0 block-relay-only anchors will be tried for connections.
2021-04-15T04:18:49Z init message: Starting network threads...
2021-04-15T04:18:49Z init message: Done loading
2021-04-15T04:18:49Z addcon thread start
2021-04-15T04:18:49Z dnsseed thread start
2021-04-15T04:18:49Z Loading addresses from DNS seed seed.bitcoin.sipa.be
2021-04-15T04:18:49Z opencon thread start
2021-04-15T04:18:49Z msghand thread start
2021-04-15T04:18:49Z net thread start
2021-04-15T04:18:49Z Loading addresses from DNS seed seed.bitcoin.wiz.biz
2021-04-15T04:18:49Z Loading addresses from DNS seed seed.bitcoin.jonasschnelli.ch
2021-04-15T04:18:49Z Loading addresses from DNS seed seed.bitcoin.sprovoost.nl
2021-04-15T04:18:49Z Loading addresses from DNS seed dnsseed.bluematt.me
2021-04-15T04:18:49Z Loading addresses from DNS seed seed.btc.petertodd.org
2021-04-15T04:18:49Z Loading addresses from DNS seed dnsseed.emzy.de
2021-04-15T04:18:49Z Loading addresses from DNS seed seed.bitcoinstats.com
2021-04-15T04:18:49Z Loading addresses from DNS seed dnsseed.bitcoin.dashjr.org
2021-04-15T04:18:49Z 138 addresses found from DNS seeds
2021-04-15T04:18:49Z dnsseed thread exit
2021-04-15T04:18:50Z New outbound peer connected: version: 70015, blocks=679281, peer=0 (full-relay)
2021-04-15T04:18:50Z New outbound peer connected: version: 70016, blocks=679281, peer=1 (full-relay)
2021-04-15T04:18:50Z Synchronizing blockheaders, height: 2000 (~0.31%)
2021-04-15T04:18:50Z Synchronizing blockheaders, height: 4000 (~0.62%)
2021-04-15T04:18:50Z Synchronizing blockheaders, height: 6000 (~0.93%)
2021-04-15T04:18:50Z Synchronizing blockheaders, height: 8000 (~1.24%)
2021-04-15T04:18:50Z Synchronizing blockheaders, height: 10000 (~1.56%)
2021-04-15T04:18:50Z New outbound peer connected: version: 70015, blocks=679281, peer=2 (full-relay)
2021-04-15T04:18:51Z Synchronizing blockheaders, height: 12000 (~1.87%)
2021-04-15T04:18:51Z Synchronizing blockheaders, height: 14000 (~2.18%)
2021-04-15T04:18:51Z Synchronizing blockheaders, height: 16000 (~2.50%)
2021-04-15T04:18:51Z Synchronizing blockheaders, height: 18000 (~2.82%)
2021-04-15T04:18:51Z Synchronizing blockheaders, height: 20000 (~3.14%)
2021-04-15T04:18:52Z Synchronizing blockheaders, height: 22000 (~3.48%)
2021-04-15T04:18:52Z Synchronizing blockheaders, height: 24000 (~3.80%)
2021-04-15T04:18:52Z Synchronizing blockheaders, height: 26000 (~4.13%)
2021-04-15T04:18:52Z Synchronizing blockheaders, height: 28000 (~4.47%)
2021-04-15T04:18:52Z Synchronizing blockheaders, height: 30000 (~4.79%)
2021-04-15T04:18:52Z Synchronizing blockheaders, height: 32000 (~5.11%)
2021-04-15T04:18:52Z Synchronizing blockheaders, height: 34000 (~5.43%)
2021-04-15T04:18:52Z New outbound peer connected: version: 70015, blocks=679280, peer=5 (full-relay)
2021-04-15T04:18:52Z Synchronizing blockheaders, height: 36000 (~5.75%)
2021-04-15T04:18:53Z Synchronizing blockheaders, height: 38000 (~6.06%)
2021-04-15T04:18:53Z Synchronizing blockheaders, height: 40000 (~6.38%)
2021-04-15T04:18:53Z Synchronizing blockheaders, height: 42000 (~6.69%)
2021-04-15T04:18:53Z New outbound peer connected: version: 70015, blocks=679281, peer=3 (full-relay)
2021-04-15T04:18:53Z Synchronizing blockheaders, height: 44000 (~7.00%)
2021-04-15T04:18:53Z Synchronizing blockheaders, height: 46000 (~7.32%)
2021-04-15T04:18:53Z Synchronizing blockheaders, height: 48000 (~7.63%)
2021-04-15T04:18:53Z Synchronizing blockheaders, height: 50000 (~7.95%)
2021-04-15T04:18:54Z Synchronizing blockheaders, height: 52000 (~8.26%)
2021-04-15T04:18:54Z Synchronizing blockheaders, height: 54000 (~8.57%)
2021-04-15T04:18:54Z Synchronizing blockheaders, height: 56000 (~8.89%)
2021-04-15T04:18:54Z Synchronizing blockheaders, height: 58000 (~9.20%)
2021-04-15T04:18:54Z Synchronizing blockheaders, height: 60000 (~9.51%)
2021-04-15T04:18:54Z Synchronizing blockheaders, height: 62000 (~9.83%)
2021-04-15T04:18:54Z Synchronizing blockheaders, height: 64000 (~10.14%)
